24-07-20.17:03:14.969 [main            ] INFO  ApiTest                - Starting ApiTest using Java 11.0.6 on LAPTOP-980JHL67 with PID 31384 (started by Lenovo in F:\springboot\big-market\big-market\big-market-app)
24-07-20.17:03:14.970 [main            ] INFO  ApiTest                - The following 1 profile is active: "dev"
24-07-20.17:03:15.814 [main            ] INFO  RepositoryConfigurationDelegate - Multiple Spring Data modules found, entering strict repository configuration mode
24-07-20.17:03:15.816 [main            ] INFO  RepositoryConfigurationDelegate - Bootstrapping Spring Data Redis repositories in DEFAULT mode.
24-07-20.17:03:15.851 [main            ] INFO  RepositoryConfigurationDelegate - Finished Spring Data repository scanning in 17 ms. Found 0 Redis repository interfaces.
24-07-20.17:03:17.134 [main            ] INFO  Version                - Redisson 3.26.0
24-07-20.17:03:17.769 [redisson-netty-1-5] INFO  ConnectionsHolder      - 1 connections initialized for localhost/127.0.0.1:6379
24-07-20.17:03:17.851 [redisson-netty-1-20] INFO  ConnectionsHolder      - 24 connections initialized for localhost/127.0.0.1:6379
24-07-20.17:03:19.006 [main            ] WARN  GenericWebApplicationContext - Exception encountered during context initialization - cancelling refresh attempt: org.springframework.beans.factory.BeanCreationException: Error creating bean with name 'defaultRaffleStrategy': Injection of resource dependencies failed; nested exception is org.springframework.beans.factory.NoSuchBeanDefinitionException: No qualifying bean of type 'cn.bugstack.domain.straetgy.service.rule.filter.factory.DefaultLogicFactory' available: expected at least 1 bean which qualifies as autowire candidate. Dependency annotations: {@javax.annotation.Resource(shareable=true, lookup="", name="", description="", authenticationType=CONTAINER, type=java.lang.Object.class, mappedName="")}
24-07-20.17:03:19.044 [main            ] INFO  ConditionEvaluationReportLoggingListener - 

Error starting ApplicationContext. To display the conditions report re-run your application with 'debug' enabled.
24-07-20.17:03:19.063 [main            ] ERROR LoggingFailureAnalysisReporter - 

***************************
APPLICATION FAILED TO START
***************************

Description:

A component required a bean of type 'cn.bugstack.domain.straetgy.service.rule.filter.factory.DefaultLogicFactory' that could not be found.


Action:

Consider defining a bean of type 'cn.bugstack.domain.straetgy.service.rule.filter.factory.DefaultLogicFactory' in your configuration.

24-07-20.17:03:19.066 [main            ] ERROR TestContextManager     - Caught exception while allowing TestExecutionListener [org.springframework.test.context.web.ServletTestExecutionListener@4bdeaabb] to prepare test instance [cn.bugstack.test.ApiTest@1171ba7e]
java.lang.IllegalStateException: Failed to load ApplicationContext
	at org.springframework.test.context.cache.DefaultCacheAwareContextLoaderDelegate.loadContext(DefaultCacheAwareContextLoaderDelegate.java:98)
	at org.springframework.test.context.support.DefaultTestContext.getApplicationContext(DefaultTestContext.java:124)
	at org.springframework.test.context.web.ServletTestExecutionListener.setUpRequestContextIfNecessary(ServletTestExecutionListener.java:190)
	at org.springframework.test.context.web.ServletTestExecutionListener.prepareTestInstance(ServletTestExecutionListener.java:132)
	at org.springframework.test.context.TestContextManager.prepareTestInstance(TestContextManager.java:248)
	at org.springframework.test.context.junit4.SpringJUnit4ClassRunner.createTest(SpringJUnit4ClassRunner.java:227)
	at org.springframework.test.context.junit4.SpringJUnit4ClassRunner$1.runReflectiveCall(SpringJUnit4ClassRunner.java:289)
	at org.junit.internal.runners.model.ReflectiveCallable.run(ReflectiveCallable.java:12)
	at org.springframework.test.context.junit4.SpringJUnit4ClassRunner.methodBlock(SpringJUnit4ClassRunner.java:291)
	at org.springframework.test.context.junit4.SpringJUnit4ClassRunner.runChild(SpringJUnit4ClassRunner.java:246)
	at org.springframework.test.context.junit4.SpringJUnit4ClassRunner.runChild(SpringJUnit4ClassRunner.java:97)
	at org.junit.runners.ParentRunner$4.run(ParentRunner.java:331)
	at org.junit.runners.ParentRunner$1.schedule(ParentRunner.java:79)
	at org.junit.runners.ParentRunner.runChildren(ParentRunner.java:329)
	at org.junit.runners.ParentRunner.access$100(ParentRunner.java:66)
	at org.junit.runners.ParentRunner$2.evaluate(ParentRunner.java:293)
	at org.springframework.test.context.junit4.statements.RunBeforeTestClassCallbacks.evaluate(RunBeforeTestClassCallbacks.java:61)
	at org.springframework.test.context.junit4.statements.RunAfterTestClassCallbacks.evaluate(RunAfterTestClassCallbacks.java:70)
	at org.junit.runners.ParentRunner$3.evaluate(ParentRunner.java:306)
	at org.junit.runners.ParentRunner.run(ParentRunner.java:413)
	at org.springframework.test.context.junit4.SpringJUnit4ClassRunner.run(SpringJUnit4ClassRunner.java:190)
	at org.junit.runner.JUnitCore.run(JUnitCore.java:137)
	at com.intellij.junit4.JUnit4IdeaTestRunner.startRunnerWithArgs(JUnit4IdeaTestRunner.java:68)
	at com.intellij.rt.junit.IdeaTestRunner$Repeater.startRunnerWithArgs(IdeaTestRunner.java:33)
	at com.intellij.rt.junit.JUnitStarter.prepareStreamsAndStart(JUnitStarter.java:230)
	at com.intellij.rt.junit.JUnitStarter.main(JUnitStarter.java:58)
Caused by: org.springframework.beans.factory.BeanCreationException: Error creating bean with name 'defaultRaffleStrategy': Injection of resource dependencies failed; nested exception is org.springframework.beans.factory.NoSuchBeanDefinitionException: No qualifying bean of type 'cn.bugstack.domain.straetgy.service.rule.filter.factory.DefaultLogicFactory' available: expected at least 1 bean which qualifies as autowire candidate. Dependency annotations: {@javax.annotation.Resource(shareable=true, lookup="", name="", description="", authenticationType=CONTAINER, type=java.lang.Object.class, mappedName="")}
	at org.springframework.context.annotation.CommonAnnotationBeanPostProcessor.postProcessProperties(CommonAnnotationBeanPostProcessor.java:332)
	at org.springframework.beans.factory.support.AbstractAutowireCapableBeanFactory.populateBean(AbstractAutowireCapableBeanFactory.java:1431)
	at org.springframework.beans.factory.support.AbstractAutowireCapableBeanFactory.doCreateBean(AbstractAutowireCapableBeanFactory.java:619)
	at org.springframework.beans.factory.support.AbstractAutowireCapableBeanFactory.createBean(AbstractAutowireCapableBeanFactory.java:542)
	at org.springframework.beans.factory.support.AbstractBeanFactory.lambda$doGetBean$0(AbstractBeanFactory.java:335)
	at org.springframework.beans.factory.support.DefaultSingletonBeanRegistry.getSingleton(DefaultSingletonBeanRegistry.java:234)
	at org.springframework.beans.factory.support.AbstractBeanFactory.doGetBean(AbstractBeanFactory.java:333)
	at org.springframework.beans.factory.support.AbstractBeanFactory.getBean(AbstractBeanFactory.java:208)
	at org.springframework.beans.factory.support.DefaultListableBeanFactory.preInstantiateSingletons(DefaultListableBeanFactory.java:955)
	at org.springframework.context.support.AbstractApplicationContext.finishBeanFactoryInitialization(AbstractApplicationContext.java:920)
	at org.springframework.context.support.AbstractApplicationContext.refresh(AbstractApplicationContext.java:583)
	at org.springframework.boot.SpringApplication.refresh(SpringApplication.java:731)
	at org.springframework.boot.SpringApplication.refreshContext(SpringApplication.java:408)
	at org.springframework.boot.SpringApplication.run(SpringApplication.java:307)
	at org.springframework.boot.test.context.SpringBootContextLoader.loadContext(SpringBootContextLoader.java:136)
	at org.springframework.test.context.cache.DefaultCacheAwareContextLoaderDelegate.loadContextInternal(DefaultCacheAwareContextLoaderDelegate.java:141)
	at org.springframework.test.context.cache.DefaultCacheAwareContextLoaderDelegate.loadContext(DefaultCacheAwareContextLoaderDelegate.java:90)
	... 25 common frames omitted
Caused by: org.springframework.beans.factory.NoSuchBeanDefinitionException: No qualifying bean of type 'cn.bugstack.domain.straetgy.service.rule.filter.factory.DefaultLogicFactory' available: expected at least 1 bean which qualifies as autowire candidate. Dependency annotations: {@javax.annotation.Resource(shareable=true, lookup="", name="", description="", authenticationType=CONTAINER, type=java.lang.Object.class, mappedName="")}
	at org.springframework.beans.factory.support.DefaultListableBeanFactory.raiseNoMatchingBeanFound(DefaultListableBeanFactory.java:1801)
	at org.springframework.beans.factory.support.DefaultListableBeanFactory.doResolveDependency(DefaultListableBeanFactory.java:1357)
	at org.springframework.beans.factory.support.DefaultListableBeanFactory.resolveDependency(DefaultListableBeanFactory.java:1311)
	at org.springframework.context.annotation.CommonAnnotationBeanPostProcessor.autowireResource(CommonAnnotationBeanPostProcessor.java:544)
	at org.springframework.context.annotation.CommonAnnotationBeanPostProcessor.getResource(CommonAnnotationBeanPostProcessor.java:520)
	at org.springframework.context.annotation.CommonAnnotationBeanPostProcessor$ResourceElement.getResourceToInject(CommonAnnotationBeanPostProcessor.java:673)
	at org.springframework.beans.factory.annotation.InjectionMetadata$InjectedElement.inject(InjectionMetadata.java:228)
	at org.springframework.beans.factory.annotation.InjectionMetadata.inject(InjectionMetadata.java:119)
	at org.springframework.context.annotation.CommonAnnotationBeanPostProcessor.postProcessProperties(CommonAnnotationBeanPostProcessor.java:329)
	... 41 common frames omitted
24-07-20.17:05:09.044 [main            ] INFO  ApiTest                - Starting ApiTest using Java 11.0.6 on LAPTOP-980JHL67 with PID 14964 (started by Lenovo in F:\springboot\big-market\big-market\big-market-app)
24-07-20.17:05:09.045 [main            ] INFO  ApiTest                - The following 1 profile is active: "dev"
24-07-20.17:05:09.817 [main            ] INFO  RepositoryConfigurationDelegate - Multiple Spring Data modules found, entering strict repository configuration mode
24-07-20.17:05:09.820 [main            ] INFO  RepositoryConfigurationDelegate - Bootstrapping Spring Data Redis repositories in DEFAULT mode.
24-07-20.17:05:09.847 [main            ] INFO  RepositoryConfigurationDelegate - Finished Spring Data repository scanning in 15 ms. Found 0 Redis repository interfaces.
24-07-20.17:05:11.031 [main            ] INFO  Version                - Redisson 3.26.0
24-07-20.17:05:11.666 [redisson-netty-1-6] INFO  ConnectionsHolder      - 1 connections initialized for localhost/127.0.0.1:6379
24-07-20.17:05:11.752 [redisson-netty-1-20] INFO  ConnectionsHolder      - 24 connections initialized for localhost/127.0.0.1:6379
24-07-20.17:05:14.295 [main            ] INFO  EndpointLinksResolver  - Exposing 1 endpoint(s) beneath base path '/actuator'
24-07-20.17:05:14.347 [main            ] INFO  ApiTest                - Started ApiTest in 5.743 seconds (JVM running for 6.568)
24-07-20.17:05:14.771 [main            ] INFO  HikariDataSource       - HikariPool-1 - Starting...
24-07-20.17:05:15.064 [main            ] INFO  HikariDataSource       - HikariPool-1 - Start completed.
24-07-20.17:05:15.183 [SpringApplicationShutdownHook] INFO  HikariDataSource       - HikariPool-1 - Shutdown initiated...
24-07-20.17:05:15.198 [SpringApplicationShutdownHook] INFO  HikariDataSource       - HikariPool-1 - Shutdown completed.
24-07-20.17:11:50.831 [main            ] INFO  ApiTest                - Starting ApiTest using Java 11.0.6 on LAPTOP-980JHL67 with PID 32232 (started by Lenovo in F:\springboot\big-market\big-market\big-market-app)
24-07-20.17:11:50.832 [main            ] INFO  ApiTest                - The following 1 profile is active: "dev"
24-07-20.17:11:51.673 [main            ] INFO  RepositoryConfigurationDelegate - Multiple Spring Data modules found, entering strict repository configuration mode
24-07-20.17:11:51.675 [main            ] INFO  RepositoryConfigurationDelegate - Bootstrapping Spring Data Redis repositories in DEFAULT mode.
24-07-20.17:11:51.705 [main            ] INFO  RepositoryConfigurationDelegate - Finished Spring Data repository scanning in 17 ms. Found 0 Redis repository interfaces.
24-07-20.17:11:52.946 [main            ] INFO  Version                - Redisson 3.26.0
24-07-20.17:11:53.576 [redisson-netty-1-6] INFO  ConnectionsHolder      - 1 connections initialized for localhost/127.0.0.1:6379
24-07-20.17:11:53.667 [redisson-netty-1-20] INFO  ConnectionsHolder      - 24 connections initialized for localhost/127.0.0.1:6379
24-07-20.17:11:56.266 [main            ] INFO  EndpointLinksResolver  - Exposing 1 endpoint(s) beneath base path '/actuator'
24-07-20.17:11:56.331 [main            ] INFO  ApiTest                - Started ApiTest in 5.955 seconds (JVM running for 6.804)
24-07-20.17:11:56.786 [main            ] INFO  HikariDataSource       - HikariPool-1 - Starting...
24-07-20.17:11:57.061 [main            ] INFO  HikariDataSource       - HikariPool-1 - Start completed.
24-07-20.17:11:57.118 [SpringApplicationShutdownHook] INFO  HikariDataSource       - HikariPool-1 - Shutdown initiated...
24-07-20.17:11:57.121 [SpringApplicationShutdownHook] INFO  HikariDataSource       - HikariPool-1 - Shutdown completed.
24-07-20.17:12:14.685 [main            ] INFO  ApiTest                - Starting ApiTest using Java 11.0.6 on LAPTOP-980JHL67 with PID 20656 (started by Lenovo in F:\springboot\big-market\big-market\big-market-app)
24-07-20.17:12:14.687 [main            ] INFO  ApiTest                - The following 1 profile is active: "dev"
24-07-20.17:12:15.476 [main            ] INFO  RepositoryConfigurationDelegate - Multiple Spring Data modules found, entering strict repository configuration mode
24-07-20.17:12:15.478 [main            ] INFO  RepositoryConfigurationDelegate - Bootstrapping Spring Data Redis repositories in DEFAULT mode.
24-07-20.17:12:15.505 [main            ] INFO  RepositoryConfigurationDelegate - Finished Spring Data repository scanning in 15 ms. Found 0 Redis repository interfaces.
24-07-20.17:12:16.747 [main            ] INFO  Version                - Redisson 3.26.0
24-07-20.17:12:17.355 [redisson-netty-1-5] INFO  ConnectionsHolder      - 1 connections initialized for localhost/127.0.0.1:6379
24-07-20.17:12:17.444 [redisson-netty-1-20] INFO  ConnectionsHolder      - 24 connections initialized for localhost/127.0.0.1:6379
24-07-20.17:12:19.998 [main            ] INFO  EndpointLinksResolver  - Exposing 1 endpoint(s) beneath base path '/actuator'
24-07-20.17:12:20.054 [main            ] INFO  ApiTest                - Started ApiTest in 5.824 seconds (JVM running for 6.674)
24-07-20.17:12:20.484 [main            ] INFO  HikariDataSource       - HikariPool-1 - Starting...
24-07-20.17:12:20.748 [main            ] INFO  HikariDataSource       - HikariPool-1 - Start completed.
24-07-20.17:12:20.813 [SpringApplicationShutdownHook] INFO  HikariDataSource       - HikariPool-1 - Shutdown initiated...
24-07-20.17:12:20.817 [SpringApplicationShutdownHook] INFO  HikariDataSource       - HikariPool-1 - Shutdown completed.
24-07-20.17:14:33.408 [main            ] INFO  ApiTest                - Starting ApiTest using Java 11.0.6 on LAPTOP-980JHL67 with PID 26768 (started by Lenovo in F:\springboot\big-market\big-market\big-market-app)
24-07-20.17:14:33.409 [main            ] INFO  ApiTest                - The following 1 profile is active: "dev"
24-07-20.17:14:34.213 [main            ] INFO  RepositoryConfigurationDelegate - Multiple Spring Data modules found, entering strict repository configuration mode
24-07-20.17:14:34.216 [main            ] INFO  RepositoryConfigurationDelegate - Bootstrapping Spring Data Redis repositories in DEFAULT mode.
24-07-20.17:14:34.244 [main            ] INFO  RepositoryConfigurationDelegate - Finished Spring Data repository scanning in 16 ms. Found 0 Redis repository interfaces.
24-07-20.17:14:35.467 [main            ] INFO  Version                - Redisson 3.26.0
24-07-20.17:14:36.069 [redisson-netty-1-6] INFO  ConnectionsHolder      - 1 connections initialized for localhost/127.0.0.1:6379
24-07-20.17:14:36.151 [redisson-netty-1-20] INFO  ConnectionsHolder      - 24 connections initialized for localhost/127.0.0.1:6379
24-07-20.17:14:38.614 [main            ] INFO  EndpointLinksResolver  - Exposing 1 endpoint(s) beneath base path '/actuator'
24-07-20.17:14:38.665 [main            ] INFO  ApiTest                - Started ApiTest in 5.698 seconds (JVM running for 6.543)
24-07-20.17:14:39.073 [main            ] INFO  HikariDataSource       - HikariPool-1 - Starting...
24-07-20.17:14:39.333 [main            ] INFO  HikariDataSource       - HikariPool-1 - Start completed.
24-07-20.17:14:39.387 [SpringApplicationShutdownHook] INFO  HikariDataSource       - HikariPool-1 - Shutdown initiated...
24-07-20.17:14:39.390 [SpringApplicationShutdownHook] INFO  HikariDataSource       - HikariPool-1 - Shutdown completed.
24-07-20.17:15:14.618 [main            ] INFO  ApiTest                - Starting ApiTest using Java 11.0.6 on LAPTOP-980JHL67 with PID 24720 (started by Lenovo in F:\springboot\big-market\big-market\big-market-app)
24-07-20.17:15:14.619 [main            ] INFO  ApiTest                - The following 1 profile is active: "dev"
24-07-20.17:15:15.389 [main            ] INFO  RepositoryConfigurationDelegate - Multiple Spring Data modules found, entering strict repository configuration mode
24-07-20.17:15:15.392 [main            ] INFO  RepositoryConfigurationDelegate - Bootstrapping Spring Data Redis repositories in DEFAULT mode.
24-07-20.17:15:15.419 [main            ] INFO  RepositoryConfigurationDelegate - Finished Spring Data repository scanning in 16 ms. Found 0 Redis repository interfaces.
24-07-20.17:15:16.612 [main            ] INFO  Version                - Redisson 3.26.0
24-07-20.17:15:17.202 [redisson-netty-1-5] INFO  ConnectionsHolder      - 1 connections initialized for localhost/127.0.0.1:6379
24-07-20.17:15:17.281 [redisson-netty-1-20] INFO  ConnectionsHolder      - 24 connections initialized for localhost/127.0.0.1:6379
24-07-20.17:15:19.687 [main            ] INFO  EndpointLinksResolver  - Exposing 1 endpoint(s) beneath base path '/actuator'
24-07-20.17:15:19.737 [main            ] INFO  ApiTest                - Started ApiTest in 5.565 seconds (JVM running for 6.361)
24-07-20.17:15:23.434 [main            ] INFO  HikariDataSource       - HikariPool-1 - Starting...
24-07-20.17:15:23.693 [main            ] INFO  HikariDataSource       - HikariPool-1 - Start completed.
24-07-20.17:15:23.921 [SpringApplicationShutdownHook] INFO  HikariDataSource       - HikariPool-1 - Shutdown initiated...
24-07-20.17:15:23.949 [SpringApplicationShutdownHook] INFO  HikariDataSource       - HikariPool-1 - Shutdown completed.
24-07-20.17:16:13.963 [main            ] INFO  ApiTest                - Starting ApiTest using Java 11.0.6 on LAPTOP-980JHL67 with PID 30536 (started by Lenovo in F:\springboot\big-market\big-market\big-market-app)
24-07-20.17:16:13.964 [main            ] INFO  ApiTest                - The following 1 profile is active: "dev"
24-07-20.17:16:14.762 [main            ] INFO  RepositoryConfigurationDelegate - Multiple Spring Data modules found, entering strict repository configuration mode
24-07-20.17:16:14.764 [main            ] INFO  RepositoryConfigurationDelegate - Bootstrapping Spring Data Redis repositories in DEFAULT mode.
24-07-20.17:16:14.795 [main            ] INFO  RepositoryConfigurationDelegate - Finished Spring Data repository scanning in 17 ms. Found 0 Redis repository interfaces.
24-07-20.17:16:16.018 [main            ] INFO  Version                - Redisson 3.26.0
24-07-20.17:16:16.598 [redisson-netty-1-6] INFO  ConnectionsHolder      - 1 connections initialized for localhost/127.0.0.1:6379
24-07-20.17:16:16.666 [redisson-netty-1-20] INFO  ConnectionsHolder      - 24 connections initialized for localhost/127.0.0.1:6379
24-07-20.17:16:19.153 [main            ] INFO  EndpointLinksResolver  - Exposing 1 endpoint(s) beneath base path '/actuator'
24-07-20.17:16:19.203 [main            ] INFO  ApiTest                - Started ApiTest in 5.668 seconds (JVM running for 6.468)
24-07-20.17:16:19.591 [main            ] INFO  HikariDataSource       - HikariPool-1 - Starting...
24-07-20.17:16:19.853 [main            ] INFO  HikariDataSource       - HikariPool-1 - Start completed.
24-07-20.17:16:23.403 [SpringApplicationShutdownHook] INFO  HikariDataSource       - HikariPool-1 - Shutdown initiated...
24-07-20.17:16:23.413 [SpringApplicationShutdownHook] INFO  HikariDataSource       - HikariPool-1 - Shutdown completed.
24-07-20.17:18:44.065 [main            ] INFO  ApiTest                - Starting ApiTest using Java 11.0.6 on LAPTOP-980JHL67 with PID 32436 (started by Lenovo in F:\springboot\big-market\big-market\big-market-app)
24-07-20.17:18:44.066 [main            ] INFO  ApiTest                - The following 1 profile is active: "dev"
24-07-20.17:18:44.855 [main            ] INFO  RepositoryConfigurationDelegate - Multiple Spring Data modules found, entering strict repository configuration mode
24-07-20.17:18:44.857 [main            ] INFO  RepositoryConfigurationDelegate - Bootstrapping Spring Data Redis repositories in DEFAULT mode.
24-07-20.17:18:44.886 [main            ] INFO  RepositoryConfigurationDelegate - Finished Spring Data repository scanning in 17 ms. Found 0 Redis repository interfaces.
24-07-20.17:18:46.105 [main            ] INFO  Version                - Redisson 3.26.0
24-07-20.17:18:46.713 [redisson-netty-1-5] INFO  ConnectionsHolder      - 1 connections initialized for localhost/127.0.0.1:6379
24-07-20.17:18:46.785 [redisson-netty-1-20] INFO  ConnectionsHolder      - 24 connections initialized for localhost/127.0.0.1:6379
24-07-20.17:18:49.277 [main            ] INFO  EndpointLinksResolver  - Exposing 1 endpoint(s) beneath base path '/actuator'
24-07-20.17:18:49.327 [main            ] INFO  ApiTest                - Started ApiTest in 5.688 seconds (JVM running for 6.519)
24-07-20.17:18:49.726 [main            ] INFO  HikariDataSource       - HikariPool-1 - Starting...
24-07-20.17:18:49.990 [main            ] INFO  HikariDataSource       - HikariPool-1 - Start completed.
24-07-20.17:18:50.045 [SpringApplicationShutdownHook] INFO  HikariDataSource       - HikariPool-1 - Shutdown initiated...
24-07-20.17:18:50.048 [SpringApplicationShutdownHook] INFO  HikariDataSource       - HikariPool-1 - Shutdown completed.
24-07-20.17:24:46.415 [main            ] INFO  ApiTest                - Starting ApiTest using Java 11.0.6 on LAPTOP-980JHL67 with PID 4412 (started by Lenovo in F:\springboot\big-market\big-market\big-market-app)
24-07-20.17:24:46.416 [main            ] INFO  ApiTest                - The following 1 profile is active: "dev"
24-07-20.17:24:47.218 [main            ] INFO  RepositoryConfigurationDelegate - Multiple Spring Data modules found, entering strict repository configuration mode
24-07-20.17:24:47.223 [main            ] INFO  RepositoryConfigurationDelegate - Bootstrapping Spring Data Redis repositories in DEFAULT mode.
24-07-20.17:24:47.250 [main            ] INFO  RepositoryConfigurationDelegate - Finished Spring Data repository scanning in 15 ms. Found 0 Redis repository interfaces.
24-07-20.17:24:48.448 [main            ] INFO  Version                - Redisson 3.26.0
24-07-20.17:24:49.055 [redisson-netty-1-5] INFO  ConnectionsHolder      - 1 connections initialized for localhost/127.0.0.1:6379
24-07-20.17:24:49.129 [redisson-netty-1-20] INFO  ConnectionsHolder      - 24 connections initialized for localhost/127.0.0.1:6379
24-07-20.17:24:51.583 [main            ] INFO  EndpointLinksResolver  - Exposing 1 endpoint(s) beneath base path '/actuator'
24-07-20.17:24:51.632 [main            ] INFO  ApiTest                - Started ApiTest in 5.657 seconds (JVM running for 6.515)
24-07-20.17:24:52.028 [main            ] INFO  HikariDataSource       - HikariPool-1 - Starting...
24-07-20.17:24:52.291 [main            ] INFO  HikariDataSource       - HikariPool-1 - Start completed.
24-07-20.17:24:52.403 [SpringApplicationShutdownHook] INFO  HikariDataSource       - HikariPool-1 - Shutdown initiated...
24-07-20.17:24:52.421 [SpringApplicationShutdownHook] INFO  HikariDataSource       - HikariPool-1 - Shutdown completed.
24-07-20.17:36:18.073 [main            ] INFO  ApiTest                - Starting ApiTest using Java 11.0.6 on LAPTOP-980JHL67 with PID 30652 (started by Lenovo in F:\springboot\big-market\big-market\big-market-app)
24-07-20.17:36:18.074 [main            ] INFO  ApiTest                - The following 1 profile is active: "dev"
24-07-20.17:36:18.865 [main            ] INFO  RepositoryConfigurationDelegate - Multiple Spring Data modules found, entering strict repository configuration mode
24-07-20.17:36:18.868 [main            ] INFO  RepositoryConfigurationDelegate - Bootstrapping Spring Data Redis repositories in DEFAULT mode.
24-07-20.17:36:18.898 [main            ] INFO  RepositoryConfigurationDelegate - Finished Spring Data repository scanning in 17 ms. Found 0 Redis repository interfaces.
24-07-20.17:36:20.118 [main            ] INFO  Version                - Redisson 3.26.0
24-07-20.17:36:20.723 [redisson-netty-1-5] INFO  ConnectionsHolder      - 1 connections initialized for localhost/127.0.0.1:6379
24-07-20.17:36:20.799 [redisson-netty-1-20] INFO  ConnectionsHolder      - 24 connections initialized for localhost/127.0.0.1:6379
24-07-20.17:36:23.224 [main            ] INFO  EndpointLinksResolver  - Exposing 1 endpoint(s) beneath base path '/actuator'
24-07-20.17:36:23.274 [main            ] INFO  ApiTest                - Started ApiTest in 5.655 seconds (JVM running for 6.477)
24-07-20.17:36:23.647 [main            ] INFO  HikariDataSource       - HikariPool-1 - Starting...
24-07-20.17:36:23.912 [main            ] INFO  HikariDataSource       - HikariPool-1 - Start completed.
24-07-20.17:36:24.016 [SpringApplicationShutdownHook] INFO  HikariDataSource       - HikariPool-1 - Shutdown initiated...
24-07-20.17:36:24.019 [SpringApplicationShutdownHook] INFO  HikariDataSource       - HikariPool-1 - Shutdown completed.
24-07-20.17:39:20.787 [main            ] INFO  ApiTest                - Starting ApiTest using Java 11.0.6 on LAPTOP-980JHL67 with PID 24608 (started by Lenovo in F:\springboot\big-market\big-market\big-market-app)
24-07-20.17:39:20.788 [main            ] INFO  ApiTest                - The following 1 profile is active: "dev"
24-07-20.17:39:21.593 [main            ] INFO  RepositoryConfigurationDelegate - Multiple Spring Data modules found, entering strict repository configuration mode
24-07-20.17:39:21.596 [main            ] INFO  RepositoryConfigurationDelegate - Bootstrapping Spring Data Redis repositories in DEFAULT mode.
24-07-20.17:39:21.622 [main            ] INFO  RepositoryConfigurationDelegate - Finished Spring Data repository scanning in 15 ms. Found 0 Redis repository interfaces.
24-07-20.17:39:22.858 [main            ] INFO  Version                - Redisson 3.26.0
24-07-20.17:39:23.446 [redisson-netty-1-5] INFO  ConnectionsHolder      - 1 connections initialized for localhost/127.0.0.1:6379
24-07-20.17:39:23.520 [redisson-netty-1-20] INFO  ConnectionsHolder      - 24 connections initialized for localhost/127.0.0.1:6379
24-07-20.17:39:25.967 [main            ] INFO  EndpointLinksResolver  - Exposing 1 endpoint(s) beneath base path '/actuator'
24-07-20.17:39:26.018 [main            ] INFO  ApiTest                - Started ApiTest in 5.669 seconds (JVM running for 6.552)
24-07-20.17:39:26.421 [main            ] INFO  HikariDataSource       - HikariPool-1 - Starting...
24-07-20.17:39:26.681 [main            ] INFO  HikariDataSource       - HikariPool-1 - Start completed.
24-07-20.17:39:26.739 [SpringApplicationShutdownHook] INFO  HikariDataSource       - HikariPool-1 - Shutdown initiated...
24-07-20.17:39:26.743 [SpringApplicationShutdownHook] INFO  HikariDataSource       - HikariPool-1 - Shutdown completed.
24-07-20.17:44:11.276 [main            ] INFO  ApiTest                - Starting ApiTest using Java 11.0.6 on LAPTOP-980JHL67 with PID 17512 (started by Lenovo in F:\springboot\big-market\big-market\big-market-app)
24-07-20.17:44:11.277 [main            ] INFO  ApiTest                - The following 1 profile is active: "dev"
24-07-20.17:44:12.049 [main            ] INFO  RepositoryConfigurationDelegate - Multiple Spring Data modules found, entering strict repository configuration mode
24-07-20.17:44:12.052 [main            ] INFO  RepositoryConfigurationDelegate - Bootstrapping Spring Data Redis repositories in DEFAULT mode.
24-07-20.17:44:12.080 [main            ] INFO  RepositoryConfigurationDelegate - Finished Spring Data repository scanning in 17 ms. Found 0 Redis repository interfaces.
24-07-20.17:44:13.261 [main            ] INFO  Version                - Redisson 3.26.0
24-07-20.17:44:13.848 [redisson-netty-1-5] INFO  ConnectionsHolder      - 1 connections initialized for localhost/127.0.0.1:6379
24-07-20.17:44:13.924 [redisson-netty-1-20] INFO  ConnectionsHolder      - 24 connections initialized for localhost/127.0.0.1:6379
24-07-20.17:44:16.352 [main            ] INFO  EndpointLinksResolver  - Exposing 1 endpoint(s) beneath base path '/actuator'
24-07-20.17:44:16.406 [main            ] INFO  ApiTest                - Started ApiTest in 5.563 seconds (JVM running for 6.36)
24-07-20.17:44:16.753 [main            ] INFO  HikariDataSource       - HikariPool-1 - Starting...
24-07-20.17:44:17.010 [main            ] INFO  HikariDataSource       - HikariPool-1 - Start completed.
24-07-20.17:44:17.106 [SpringApplicationShutdownHook] INFO  HikariDataSource       - HikariPool-1 - Shutdown initiated...
24-07-20.17:44:17.109 [SpringApplicationShutdownHook] INFO  HikariDataSource       - HikariPool-1 - Shutdown completed.
24-07-20.17:45:00.795 [main            ] INFO  ApiTest                - Starting ApiTest using Java 11.0.6 on LAPTOP-980JHL67 with PID 21744 (started by Lenovo in F:\springboot\big-market\big-market\big-market-app)
24-07-20.17:45:00.796 [main            ] INFO  ApiTest                - The following 1 profile is active: "dev"
24-07-20.17:45:01.622 [main            ] INFO  RepositoryConfigurationDelegate - Multiple Spring Data modules found, entering strict repository configuration mode
24-07-20.17:45:01.624 [main            ] INFO  RepositoryConfigurationDelegate - Bootstrapping Spring Data Redis repositories in DEFAULT mode.
24-07-20.17:45:01.653 [main            ] INFO  RepositoryConfigurationDelegate - Finished Spring Data repository scanning in 16 ms. Found 0 Redis repository interfaces.
24-07-20.17:45:02.957 [main            ] INFO  Version                - Redisson 3.26.0
24-07-20.17:45:03.590 [redisson-netty-1-5] INFO  ConnectionsHolder      - 1 connections initialized for localhost/127.0.0.1:6379
24-07-20.17:45:03.668 [redisson-netty-1-20] INFO  ConnectionsHolder      - 24 connections initialized for localhost/127.0.0.1:6379
24-07-20.17:45:06.371 [main            ] INFO  EndpointLinksResolver  - Exposing 1 endpoint(s) beneath base path '/actuator'
24-07-20.17:45:06.429 [main            ] INFO  ApiTest                - Started ApiTest in 6.135 seconds (JVM running for 7.117)
24-07-20.17:45:11.409 [main            ] INFO  HikariDataSource       - HikariPool-1 - Starting...
24-07-20.17:45:12.883 [main            ] INFO  HikariDataSource       - HikariPool-1 - Start completed.
24-07-20.17:46:22.839 [HikariPool-1 housekeeper] WARN  HikariPool             - HikariPool-1 - Thread starvation or clock leap detected (housekeeper delta=1m9s846ms250µs200ns).
24-07-20.17:46:22.877 [SpringApplicationShutdownHook] INFO  HikariDataSource       - HikariPool-1 - Shutdown initiated...
24-07-20.17:46:22.884 [SpringApplicationShutdownHook] INFO  HikariDataSource       - HikariPool-1 - Shutdown completed.
24-07-20.17:50:03.117 [main            ] INFO  ApiTest                - Starting ApiTest using Java 11.0.6 on LAPTOP-980JHL67 with PID 10100 (started by Lenovo in F:\springboot\big-market\big-market\big-market-app)
24-07-20.17:50:03.118 [main            ] INFO  ApiTest                - The following 1 profile is active: "dev"
24-07-20.17:50:03.959 [main            ] INFO  RepositoryConfigurationDelegate - Multiple Spring Data modules found, entering strict repository configuration mode
24-07-20.17:50:03.962 [main            ] INFO  RepositoryConfigurationDelegate - Bootstrapping Spring Data Redis repositories in DEFAULT mode.
24-07-20.17:50:03.991 [main            ] INFO  RepositoryConfigurationDelegate - Finished Spring Data repository scanning in 16 ms. Found 0 Redis repository interfaces.
24-07-20.17:50:05.329 [main            ] INFO  Version                - Redisson 3.26.0
24-07-20.17:50:05.968 [redisson-netty-1-6] INFO  ConnectionsHolder      - 1 connections initialized for localhost/127.0.0.1:6379
24-07-20.17:50:06.050 [redisson-netty-1-20] INFO  ConnectionsHolder      - 24 connections initialized for localhost/127.0.0.1:6379
24-07-20.17:50:08.829 [main            ] INFO  EndpointLinksResolver  - Exposing 1 endpoint(s) beneath base path '/actuator'
24-07-20.17:50:08.890 [main            ] INFO  ApiTest                - Started ApiTest in 6.314 seconds (JVM running for 7.284)
24-07-20.17:51:03.257 [main            ] INFO  HikariDataSource       - HikariPool-1 - Starting...
24-07-20.17:51:04.813 [main            ] INFO  HikariDataSource       - HikariPool-1 - Start completed.
24-07-20.17:51:10.147 [SpringApplicationShutdownHook] INFO  HikariDataSource       - HikariPool-1 - Shutdown initiated...
24-07-20.17:51:10.161 [SpringApplicationShutdownHook] INFO  HikariDataSource       - HikariPool-1 - Shutdown completed.
24-07-20.17:52:38.028 [main            ] INFO  ApiTest                - Starting ApiTest using Java 11.0.6 on LAPTOP-980JHL67 with PID 14588 (started by Lenovo in F:\springboot\big-market\big-market\big-market-app)
24-07-20.17:52:38.028 [main            ] INFO  ApiTest                - The following 1 profile is active: "dev"
24-07-20.17:52:38.874 [main            ] INFO  RepositoryConfigurationDelegate - Multiple Spring Data modules found, entering strict repository configuration mode
24-07-20.17:52:38.877 [main            ] INFO  RepositoryConfigurationDelegate - Bootstrapping Spring Data Redis repositories in DEFAULT mode.
24-07-20.17:52:38.906 [main            ] INFO  RepositoryConfigurationDelegate - Finished Spring Data repository scanning in 16 ms. Found 0 Redis repository interfaces.
24-07-20.17:52:40.300 [main            ] INFO  Version                - Redisson 3.26.0
24-07-20.17:52:40.939 [redisson-netty-1-5] INFO  ConnectionsHolder      - 1 connections initialized for localhost/127.0.0.1:6379
24-07-20.17:52:41.017 [redisson-netty-1-20] INFO  ConnectionsHolder      - 24 connections initialized for localhost/127.0.0.1:6379
24-07-20.17:52:43.735 [main            ] INFO  EndpointLinksResolver  - Exposing 1 endpoint(s) beneath base path '/actuator'
24-07-20.17:52:43.799 [main            ] INFO  ApiTest                - Started ApiTest in 6.316 seconds (JVM running for 7.282)
24-07-20.17:52:44.244 [main            ] INFO  HikariDataSource       - HikariPool-1 - Starting...
24-07-20.17:52:44.539 [main            ] INFO  HikariDataSource       - HikariPool-1 - Start completed.
24-07-20.17:53:25.606 [HikariPool-1 housekeeper] WARN  HikariPool             - HikariPool-1 - Thread starvation or clock leap detected (housekeeper delta=1m11s67ms502µs600ns).
24-07-20.17:53:25.646 [SpringApplicationShutdownHook] INFO  HikariDataSource       - HikariPool-1 - Shutdown initiated...
24-07-20.17:53:25.651 [SpringApplicationShutdownHook] INFO  HikariDataSource       - HikariPool-1 - Shutdown completed.
24-07-20.17:53:32.202 [main            ] INFO  ApiTest                - Starting ApiTest using Java 11.0.6 on LAPTOP-980JHL67 with PID 560 (started by Lenovo in F:\springboot\big-market\big-market\big-market-app)
24-07-20.17:53:32.202 [main            ] INFO  ApiTest                - The following 1 profile is active: "dev"
24-07-20.17:53:33.033 [main            ] INFO  RepositoryConfigurationDelegate - Multiple Spring Data modules found, entering strict repository configuration mode
24-07-20.17:53:33.035 [main            ] INFO  RepositoryConfigurationDelegate - Bootstrapping Spring Data Redis repositories in DEFAULT mode.
24-07-20.17:53:33.064 [main            ] INFO  RepositoryConfigurationDelegate - Finished Spring Data repository scanning in 16 ms. Found 0 Redis repository interfaces.
24-07-20.17:53:34.412 [main            ] INFO  Version                - Redisson 3.26.0
24-07-20.17:53:35.052 [redisson-netty-1-5] INFO  ConnectionsHolder      - 1 connections initialized for localhost/127.0.0.1:6379
24-07-20.17:53:35.130 [redisson-netty-1-20] INFO  ConnectionsHolder      - 24 connections initialized for localhost/127.0.0.1:6379
24-07-20.17:53:37.866 [main            ] INFO  EndpointLinksResolver  - Exposing 1 endpoint(s) beneath base path '/actuator'
24-07-20.17:53:37.933 [main            ] INFO  ApiTest                - Started ApiTest in 6.27 seconds (JVM running for 7.226)
24-07-20.17:53:38.382 [main            ] INFO  HikariDataSource       - HikariPool-1 - Starting...
24-07-20.17:53:38.676 [main            ] INFO  HikariDataSource       - HikariPool-1 - Start completed.
24-07-20.17:53:38.711 [main            ] INFO  DefaultRaffleStrategy  - 抽奖前规则过滤 userId: 101 ruleModel: rule_weight code: 0001 info: 接管；后续的流程，受规则引擎执行结果影响
24-07-20.17:53:38.739 [SpringApplicationShutdownHook] INFO  HikariDataSource       - HikariPool-1 - Shutdown initiated...
24-07-20.17:53:38.742 [SpringApplicationShutdownHook] INFO  HikariDataSource       - HikariPool-1 - Shutdown completed.
24-07-20.17:53:59.186 [main            ] INFO  ApiTest                - Starting ApiTest using Java 11.0.6 on LAPTOP-980JHL67 with PID 24104 (started by Lenovo in F:\springboot\big-market\big-market\big-market-app)
24-07-20.17:53:59.188 [main            ] INFO  ApiTest                - The following 1 profile is active: "dev"
24-07-20.17:54:00.033 [main            ] INFO  RepositoryConfigurationDelegate - Multiple Spring Data modules found, entering strict repository configuration mode
24-07-20.17:54:00.036 [main            ] INFO  RepositoryConfigurationDelegate - Bootstrapping Spring Data Redis repositories in DEFAULT mode.
24-07-20.17:54:00.073 [main            ] INFO  RepositoryConfigurationDelegate - Finished Spring Data repository scanning in 20 ms. Found 0 Redis repository interfaces.
24-07-20.17:54:01.362 [main            ] INFO  Version                - Redisson 3.26.0
24-07-20.17:54:01.991 [redisson-netty-1-5] INFO  ConnectionsHolder      - 1 connections initialized for localhost/127.0.0.1:6379
24-07-20.17:54:02.074 [redisson-netty-1-20] INFO  ConnectionsHolder      - 24 connections initialized for localhost/127.0.0.1:6379
24-07-20.17:54:04.840 [main            ] INFO  EndpointLinksResolver  - Exposing 1 endpoint(s) beneath base path '/actuator'
24-07-20.17:54:04.904 [main            ] INFO  ApiTest                - Started ApiTest in 6.231 seconds (JVM running for 7.165)
24-07-20.17:54:05.367 [main            ] INFO  HikariDataSource       - HikariPool-1 - Starting...
24-07-20.17:54:05.660 [main            ] INFO  HikariDataSource       - HikariPool-1 - Start completed.
24-07-20.17:55:13.020 [main            ] INFO  DefaultRaffleStrategy  - 抽奖前规则过滤 userId: 101 ruleModel: rule_weight code: 0001 info: 接管；后续的流程，受规则引擎执行结果影响
24-07-20.17:57:02.638 [HikariPool-1 housekeeper] WARN  HikariPool             - HikariPool-1 - Thread starvation or clock leap detected (housekeeper delta=1m43s927ms916µs700ns).
24-07-20.17:57:58.235 [HikariPool-1 housekeeper] WARN  HikariPool             - HikariPool-1 - Thread starvation or clock leap detected (housekeeper delta=55s597ms988µs200ns).
24-07-20.17:57:58.277 [SpringApplicationShutdownHook] INFO  HikariDataSource       - HikariPool-1 - Shutdown initiated...
24-07-20.17:58:00.506 [SpringApplicationShutdownHook] INFO  HikariDataSource       - HikariPool-1 - Shutdown completed.
24-07-20.17:58:29.438 [main            ] INFO  ApiTest                - Starting ApiTest using Java 11.0.6 on LAPTOP-980JHL67 with PID 30800 (started by Lenovo in F:\springboot\big-market\big-market\big-market-app)
24-07-20.17:58:29.439 [main            ] INFO  ApiTest                - The following 1 profile is active: "dev"
24-07-20.17:58:30.264 [main            ] INFO  RepositoryConfigurationDelegate - Multiple Spring Data modules found, entering strict repository configuration mode
24-07-20.17:58:30.268 [main            ] INFO  RepositoryConfigurationDelegate - Bootstrapping Spring Data Redis repositories in DEFAULT mode.
24-07-20.17:58:30.297 [main            ] INFO  RepositoryConfigurationDelegate - Finished Spring Data repository scanning in 16 ms. Found 0 Redis repository interfaces.
24-07-20.17:58:31.577 [main            ] INFO  Version                - Redisson 3.26.0
24-07-20.17:58:32.205 [redisson-netty-1-5] INFO  ConnectionsHolder      - 1 connections initialized for localhost/127.0.0.1:6379
24-07-20.17:58:32.305 [redisson-netty-1-20] INFO  ConnectionsHolder      - 24 connections initialized for localhost/127.0.0.1:6379
24-07-20.17:58:35.008 [main            ] INFO  EndpointLinksResolver  - Exposing 1 endpoint(s) beneath base path '/actuator'
24-07-20.17:58:35.070 [main            ] INFO  ApiTest                - Started ApiTest in 6.169 seconds (JVM running for 7.149)
24-07-20.17:58:35.548 [main            ] INFO  HikariDataSource       - HikariPool-1 - Starting...
24-07-20.17:58:35.840 [main            ] INFO  HikariDataSource       - HikariPool-1 - Start completed.
24-07-20.17:58:39.080 [main            ] INFO  DefaultRaffleStrategy  - 抽奖前规则过滤 userId: 101 ruleModel: rule_weight code: 0001 info: 接管；后续的流程，受规则引擎执行结果影响
24-07-20.17:59:07.421 [SpringApplicationShutdownHook] INFO  HikariDataSource       - HikariPool-1 - Shutdown initiated...
24-07-20.17:59:07.435 [SpringApplicationShutdownHook] INFO  HikariDataSource       - HikariPool-1 - Shutdown completed.
24-07-20.17:59:51.300 [main            ] INFO  ApiTest                - Starting ApiTest using Java 11.0.6 on LAPTOP-980JHL67 with PID 15564 (started by Lenovo in F:\springboot\big-market\big-market\big-market-app)
24-07-20.17:59:51.301 [main            ] INFO  ApiTest                - The following 1 profile is active: "dev"
24-07-20.17:59:52.062 [main            ] INFO  RepositoryConfigurationDelegate - Multiple Spring Data modules found, entering strict repository configuration mode
24-07-20.17:59:52.064 [main            ] INFO  RepositoryConfigurationDelegate - Bootstrapping Spring Data Redis repositories in DEFAULT mode.
24-07-20.17:59:52.089 [main            ] INFO  RepositoryConfigurationDelegate - Finished Spring Data repository scanning in 14 ms. Found 0 Redis repository interfaces.
24-07-20.17:59:53.291 [main            ] INFO  Version                - Redisson 3.26.0
24-07-20.17:59:53.879 [redisson-netty-1-5] INFO  ConnectionsHolder      - 1 connections initialized for localhost/127.0.0.1:6379
24-07-20.17:59:53.950 [redisson-netty-1-20] INFO  ConnectionsHolder      - 24 connections initialized for localhost/127.0.0.1:6379
24-07-20.17:59:56.364 [main            ] INFO  EndpointLinksResolver  - Exposing 1 endpoint(s) beneath base path '/actuator'
24-07-20.17:59:56.417 [main            ] INFO  ApiTest                - Started ApiTest in 5.547 seconds (JVM running for 6.356)
24-07-20.17:59:56.813 [main            ] INFO  HikariDataSource       - HikariPool-1 - Starting...
24-07-20.17:59:57.077 [main            ] INFO  HikariDataSource       - HikariPool-1 - Start completed.
24-07-20.18:00:00.509 [SpringApplicationShutdownHook] INFO  HikariDataSource       - HikariPool-1 - Shutdown initiated...
24-07-20.18:00:00.519 [SpringApplicationShutdownHook] INFO  HikariDataSource       - HikariPool-1 - Shutdown completed.
24-07-20.18:00:46.385 [main            ] INFO  ApiTest                - Starting ApiTest using Java 11.0.6 on LAPTOP-980JHL67 with PID 1604 (started by Lenovo in F:\springboot\big-market\big-market\big-market-app)
24-07-20.18:00:46.386 [main            ] INFO  ApiTest                - The following 1 profile is active: "dev"
24-07-20.18:00:47.165 [main            ] INFO  RepositoryConfigurationDelegate - Multiple Spring Data modules found, entering strict repository configuration mode
24-07-20.18:00:47.168 [main            ] INFO  RepositoryConfigurationDelegate - Bootstrapping Spring Data Redis repositories in DEFAULT mode.
24-07-20.18:00:47.195 [main            ] INFO  RepositoryConfigurationDelegate - Finished Spring Data repository scanning in 15 ms. Found 0 Redis repository interfaces.
24-07-20.18:00:48.408 [main            ] INFO  Version                - Redisson 3.26.0
24-07-20.18:00:49.007 [redisson-netty-1-5] INFO  ConnectionsHolder      - 1 connections initialized for localhost/127.0.0.1:6379
24-07-20.18:00:49.091 [redisson-netty-1-20] INFO  ConnectionsHolder      - 24 connections initialized for localhost/127.0.0.1:6379
24-07-20.18:00:51.510 [main            ] INFO  EndpointLinksResolver  - Exposing 1 endpoint(s) beneath base path '/actuator'
24-07-20.18:00:51.559 [main            ] INFO  ApiTest                - Started ApiTest in 5.595 seconds (JVM running for 6.4)
24-07-20.18:00:51.943 [main            ] INFO  HikariDataSource       - HikariPool-1 - Starting...
24-07-20.18:00:52.197 [main            ] INFO  HikariDataSource       - HikariPool-1 - Start completed.
24-07-20.18:00:52.231 [main            ] INFO  DefaultRaffleStrategy  - 抽奖前规则过滤 userId: 101 ruleModel: rule_weight code: 0001 info: 接管；后续的流程，受规则引擎执行结果影响
24-07-20.18:00:52.264 [SpringApplicationShutdownHook] INFO  HikariDataSource       - HikariPool-1 - Shutdown initiated...
24-07-20.18:00:52.268 [SpringApplicationShutdownHook] INFO  HikariDataSource       - HikariPool-1 - Shutdown completed.
24-07-20.18:02:42.808 [main            ] INFO  ApiTest                - Starting ApiTest using Java 11.0.6 on LAPTOP-980JHL67 with PID 31620 (started by Lenovo in F:\springboot\big-market\big-market\big-market-app)
24-07-20.18:02:42.810 [main            ] INFO  ApiTest                - The following 1 profile is active: "dev"
24-07-20.18:02:43.594 [main            ] INFO  RepositoryConfigurationDelegate - Multiple Spring Data modules found, entering strict repository configuration mode
24-07-20.18:02:43.597 [main            ] INFO  RepositoryConfigurationDelegate - Bootstrapping Spring Data Redis repositories in DEFAULT mode.
24-07-20.18:02:43.625 [main            ] INFO  RepositoryConfigurationDelegate - Finished Spring Data repository scanning in 15 ms. Found 0 Redis repository interfaces.
24-07-20.18:02:44.818 [main            ] INFO  Version                - Redisson 3.26.0
24-07-20.18:02:45.420 [redisson-netty-1-6] INFO  ConnectionsHolder      - 1 connections initialized for localhost/127.0.0.1:6379
24-07-20.18:02:45.505 [redisson-netty-1-20] INFO  ConnectionsHolder      - 24 connections initialized for localhost/127.0.0.1:6379
24-07-20.18:02:47.927 [main            ] INFO  EndpointLinksResolver  - Exposing 1 endpoint(s) beneath base path '/actuator'
24-07-20.18:02:47.986 [main            ] INFO  ApiTest                - Started ApiTest in 5.62 seconds (JVM running for 6.417)
24-07-20.18:02:48.380 [main            ] INFO  HikariDataSource       - HikariPool-1 - Starting...
24-07-20.18:02:48.638 [main            ] INFO  HikariDataSource       - HikariPool-1 - Start completed.
24-07-20.18:02:48.676 [main            ] INFO  DefaultRaffleStrategy  - 抽奖前规则过滤 userId: 101 ruleModel: rule_weight code: 0001 info: 接管；后续的流程，受规则引擎执行结果影响
24-07-20.18:02:48.711 [SpringApplicationShutdownHook] INFO  HikariDataSource       - HikariPool-1 - Shutdown initiated...
24-07-20.18:02:48.715 [SpringApplicationShutdownHook] INFO  HikariDataSource       - HikariPool-1 - Shutdown completed.
24-07-20.18:06:47.188 [main            ] INFO  ApiTest                - Starting ApiTest using Java 11.0.6 on LAPTOP-980JHL67 with PID 25428 (started by Lenovo in F:\springboot\big-market\big-market\big-market-app)
24-07-20.18:06:47.189 [main            ] INFO  ApiTest                - The following 1 profile is active: "dev"
24-07-20.18:06:48.021 [main            ] INFO  RepositoryConfigurationDelegate - Multiple Spring Data modules found, entering strict repository configuration mode
24-07-20.18:06:48.025 [main            ] INFO  RepositoryConfigurationDelegate - Bootstrapping Spring Data Redis repositories in DEFAULT mode.
24-07-20.18:06:48.056 [main            ] INFO  RepositoryConfigurationDelegate - Finished Spring Data repository scanning in 17 ms. Found 0 Redis repository interfaces.
24-07-20.18:06:49.313 [main            ] INFO  Version                - Redisson 3.26.0
24-07-20.18:06:49.935 [redisson-netty-1-6] INFO  ConnectionsHolder      - 1 connections initialized for localhost/127.0.0.1:6379
24-07-20.18:06:50.011 [redisson-netty-1-20] INFO  ConnectionsHolder      - 24 connections initialized for localhost/127.0.0.1:6379
24-07-20.18:06:52.686 [main            ] INFO  EndpointLinksResolver  - Exposing 1 endpoint(s) beneath base path '/actuator'
24-07-20.18:06:52.745 [main            ] INFO  ApiTest                - Started ApiTest in 6.059 seconds (JVM running for 7.038)
24-07-20.18:06:53.201 [main            ] INFO  HikariDataSource       - HikariPool-1 - Starting...
24-07-20.18:06:53.490 [main            ] INFO  HikariDataSource       - HikariPool-1 - Start completed.
24-07-20.18:06:56.975 [main            ] INFO  DefaultRaffleStrategy  - 抽奖前规则过滤 userId: 101 ruleModel: rule_weight code: 0001 info: 接管；后续的流程，受规则引擎执行结果影响
24-07-20.18:09:37.162 [HikariPool-1 housekeeper] WARN  HikariPool             - HikariPool-1 - Thread starvation or clock leap detected (housekeeper delta=2m40s191ms419µs700ns).
24-07-20.18:10:21.993 [SpringApplicationShutdownHook] INFO  HikariDataSource       - HikariPool-1 - Shutdown initiated...
24-07-20.18:10:22.004 [SpringApplicationShutdownHook] INFO  HikariDataSource       - HikariPool-1 - Shutdown completed.
24-07-20.18:13:14.793 [main            ] INFO  ApiTest                - Starting ApiTest using Java 11.0.6 on LAPTOP-980JHL67 with PID 30796 (started by Lenovo in F:\springboot\big-market\big-market\big-market-app)
24-07-20.18:13:14.794 [main            ] INFO  ApiTest                - The following 1 profile is active: "dev"
24-07-20.18:13:15.584 [main            ] INFO  RepositoryConfigurationDelegate - Multiple Spring Data modules found, entering strict repository configuration mode
24-07-20.18:13:15.587 [main            ] INFO  RepositoryConfigurationDelegate - Bootstrapping Spring Data Redis repositories in DEFAULT mode.
24-07-20.18:13:15.615 [main            ] INFO  RepositoryConfigurationDelegate - Finished Spring Data repository scanning in 17 ms. Found 0 Redis repository interfaces.
24-07-20.18:13:16.835 [main            ] INFO  Version                - Redisson 3.26.0
24-07-20.18:13:17.428 [redisson-netty-1-6] INFO  ConnectionsHolder      - 1 connections initialized for localhost/127.0.0.1:6379
24-07-20.18:13:17.503 [redisson-netty-1-20] INFO  ConnectionsHolder      - 24 connections initialized for localhost/127.0.0.1:6379
24-07-20.18:13:19.896 [main            ] INFO  EndpointLinksResolver  - Exposing 1 endpoint(s) beneath base path '/actuator'
24-07-20.18:13:19.948 [main            ] INFO  ApiTest                - Started ApiTest in 5.616 seconds (JVM running for 6.5)
24-07-20.18:13:20.364 [main            ] INFO  HikariDataSource       - HikariPool-1 - Starting...
24-07-20.18:13:20.622 [main            ] INFO  HikariDataSource       - HikariPool-1 - Start completed.
24-07-20.18:13:20.723 [SpringApplicationShutdownHook] INFO  HikariDataSource       - HikariPool-1 - Shutdown initiated...
24-07-20.18:13:20.726 [SpringApplicationShutdownHook] INFO  HikariDataSource       - HikariPool-1 - Shutdown completed.
24-07-20.18:13:33.490 [main            ] INFO  ApiTest                - Starting ApiTest using Java 11.0.6 on LAPTOP-980JHL67 with PID 7188 (started by Lenovo in F:\springboot\big-market\big-market\big-market-app)
24-07-20.18:13:33.491 [main            ] INFO  ApiTest                - The following 1 profile is active: "dev"
24-07-20.18:13:34.305 [main            ] INFO  RepositoryConfigurationDelegate - Multiple Spring Data modules found, entering strict repository configuration mode
24-07-20.18:13:34.308 [main            ] INFO  RepositoryConfigurationDelegate - Bootstrapping Spring Data Redis repositories in DEFAULT mode.
24-07-20.18:13:34.335 [main            ] INFO  RepositoryConfigurationDelegate - Finished Spring Data repository scanning in 16 ms. Found 0 Redis repository interfaces.
24-07-20.18:13:35.651 [main            ] INFO  Version                - Redisson 3.26.0
24-07-20.18:13:36.272 [redisson-netty-1-5] INFO  ConnectionsHolder      - 1 connections initialized for localhost/127.0.0.1:6379
24-07-20.18:13:36.351 [redisson-netty-1-20] INFO  ConnectionsHolder      - 24 connections initialized for localhost/127.0.0.1:6379
24-07-20.18:13:39.060 [main            ] INFO  EndpointLinksResolver  - Exposing 1 endpoint(s) beneath base path '/actuator'
24-07-20.18:13:39.122 [main            ] INFO  ApiTest                - Started ApiTest in 6.146 seconds (JVM running for 7.098)
24-07-20.18:14:09.092 [main            ] INFO  ApiTest                - Starting ApiTest using Java 11.0.6 on LAPTOP-980JHL67 with PID 29620 (started by Lenovo in F:\springboot\big-market\big-market\big-market-app)
24-07-20.18:14:09.093 [main            ] INFO  ApiTest                - The following 1 profile is active: "dev"
24-07-20.18:14:09.950 [main            ] INFO  RepositoryConfigurationDelegate - Multiple Spring Data modules found, entering strict repository configuration mode
24-07-20.18:14:09.954 [main            ] INFO  RepositoryConfigurationDelegate - Bootstrapping Spring Data Redis repositories in DEFAULT mode.
24-07-20.18:14:09.985 [main            ] INFO  RepositoryConfigurationDelegate - Finished Spring Data repository scanning in 17 ms. Found 0 Redis repository interfaces.
24-07-20.18:14:11.284 [main            ] INFO  Version                - Redisson 3.26.0
24-07-20.18:14:11.912 [redisson-netty-1-5] INFO  ConnectionsHolder      - 1 connections initialized for localhost/127.0.0.1:6379
24-07-20.18:14:11.995 [redisson-netty-1-20] INFO  ConnectionsHolder      - 24 connections initialized for localhost/127.0.0.1:6379
24-07-20.18:14:14.709 [main            ] INFO  EndpointLinksResolver  - Exposing 1 endpoint(s) beneath base path '/actuator'
24-07-20.18:14:14.775 [main            ] INFO  ApiTest                - Started ApiTest in 6.207 seconds (JVM running for 7.202)
24-07-20.18:14:22.211 [main            ] INFO  ApiTest                - Starting ApiTest using Java 11.0.6 on LAPTOP-980JHL67 with PID 32200 (started by Lenovo in F:\springboot\big-market\big-market\big-market-app)
24-07-20.18:14:22.212 [main            ] INFO  ApiTest                - The following 1 profile is active: "dev"
24-07-20.18:14:23.022 [main            ] INFO  RepositoryConfigurationDelegate - Multiple Spring Data modules found, entering strict repository configuration mode
24-07-20.18:14:23.025 [main            ] INFO  RepositoryConfigurationDelegate - Bootstrapping Spring Data Redis repositories in DEFAULT mode.
24-07-20.18:14:23.055 [main            ] INFO  RepositoryConfigurationDelegate - Finished Spring Data repository scanning in 18 ms. Found 0 Redis repository interfaces.
24-07-20.18:14:24.366 [main            ] INFO  Version                - Redisson 3.26.0
24-07-20.18:14:25.013 [redisson-netty-1-5] INFO  ConnectionsHolder      - 1 connections initialized for localhost/127.0.0.1:6379
24-07-20.18:14:25.090 [redisson-netty-1-20] INFO  ConnectionsHolder      - 24 connections initialized for localhost/127.0.0.1:6379
24-07-20.18:14:27.803 [main            ] INFO  EndpointLinksResolver  - Exposing 1 endpoint(s) beneath base path '/actuator'
24-07-20.18:14:27.864 [main            ] INFO  ApiTest                - Started ApiTest in 6.169 seconds (JVM running for 7.146)
24-07-20.18:15:26.291 [main            ] INFO  ApiTest                - Starting ApiTest using Java 11.0.6 on LAPTOP-980JHL67 with PID 13952 (started by Lenovo in F:\springboot\big-market\big-market\big-market-app)
24-07-20.18:15:26.292 [main            ] INFO  ApiTest                - The following 1 profile is active: "dev"
24-07-20.18:15:27.115 [main            ] INFO  RepositoryConfigurationDelegate - Multiple Spring Data modules found, entering strict repository configuration mode
24-07-20.18:15:27.118 [main            ] INFO  RepositoryConfigurationDelegate - Bootstrapping Spring Data Redis repositories in DEFAULT mode.
24-07-20.18:15:27.148 [main            ] INFO  RepositoryConfigurationDelegate - Finished Spring Data repository scanning in 17 ms. Found 0 Redis repository interfaces.
24-07-20.18:15:28.466 [main            ] INFO  Version                - Redisson 3.26.0
24-07-20.18:15:29.073 [redisson-netty-1-6] INFO  ConnectionsHolder      - 1 connections initialized for localhost/127.0.0.1:6379
24-07-20.18:15:29.150 [redisson-netty-1-20] INFO  ConnectionsHolder      - 24 connections initialized for localhost/127.0.0.1:6379
24-07-20.18:15:31.853 [main            ] INFO  EndpointLinksResolver  - Exposing 1 endpoint(s) beneath base path '/actuator'
24-07-20.18:15:31.916 [main            ] INFO  ApiTest                - Started ApiTest in 6.129 seconds (JVM running for 7.106)
24-07-20.18:15:51.368 [main            ] INFO  ApiTest                - Starting ApiTest using Java 11.0.6 on LAPTOP-980JHL67 with PID 15156 (started by Lenovo in F:\springboot\big-market\big-market\big-market-app)
24-07-20.18:15:51.370 [main            ] INFO  ApiTest                - The following 1 profile is active: "dev"
24-07-20.18:15:52.196 [main            ] INFO  RepositoryConfigurationDelegate - Multiple Spring Data modules found, entering strict repository configuration mode
24-07-20.18:15:52.199 [main            ] INFO  RepositoryConfigurationDelegate - Bootstrapping Spring Data Redis repositories in DEFAULT mode.
24-07-20.18:15:52.228 [main            ] INFO  RepositoryConfigurationDelegate - Finished Spring Data repository scanning in 16 ms. Found 0 Redis repository interfaces.
24-07-20.18:15:53.574 [main            ] INFO  Version                - Redisson 3.26.0
24-07-20.18:15:54.196 [redisson-netty-1-5] INFO  ConnectionsHolder      - 1 connections initialized for localhost/127.0.0.1:6379
24-07-20.18:15:54.272 [redisson-netty-1-20] INFO  ConnectionsHolder      - 24 connections initialized for localhost/127.0.0.1:6379
24-07-20.18:15:57.043 [main            ] INFO  EndpointLinksResolver  - Exposing 1 endpoint(s) beneath base path '/actuator'
24-07-20.18:15:57.108 [main            ] INFO  ApiTest                - Started ApiTest in 6.277 seconds (JVM running for 7.229)
24-07-20.18:16:49.497 [main            ] INFO  ApiTest                - Starting ApiTest using Java 11.0.6 on LAPTOP-980JHL67 with PID 10080 (started by Lenovo in F:\springboot\big-market\big-market\big-market-app)
24-07-20.18:16:49.498 [main            ] INFO  ApiTest                - The following 1 profile is active: "dev"
24-07-20.18:16:50.328 [main            ] INFO  RepositoryConfigurationDelegate - Multiple Spring Data modules found, entering strict repository configuration mode
24-07-20.18:16:50.331 [main            ] INFO  RepositoryConfigurationDelegate - Bootstrapping Spring Data Redis repositories in DEFAULT mode.
24-07-20.18:16:50.363 [main            ] INFO  RepositoryConfigurationDelegate - Finished Spring Data repository scanning in 18 ms. Found 0 Redis repository interfaces.
24-07-20.18:16:51.731 [main            ] INFO  Version                - Redisson 3.26.0
24-07-20.18:16:52.393 [redisson-netty-1-5] INFO  ConnectionsHolder      - 1 connections initialized for localhost/127.0.0.1:6379
24-07-20.18:16:52.476 [redisson-netty-1-20] INFO  ConnectionsHolder      - 24 connections initialized for localhost/127.0.0.1:6379
24-07-20.18:16:55.216 [main            ] INFO  EndpointLinksResolver  - Exposing 1 endpoint(s) beneath base path '/actuator'
24-07-20.18:16:55.295 [main            ] INFO  ApiTest                - Started ApiTest in 6.34 seconds (JVM running for 7.291)
24-07-20.18:18:22.488 [main            ] INFO  ApiTest                - Starting ApiTest using Java 11.0.6 on LAPTOP-980JHL67 with PID 4296 (started by Lenovo in F:\springboot\big-market\big-market\big-market-app)
24-07-20.18:18:22.489 [main            ] INFO  ApiTest                - The following 1 profile is active: "dev"
24-07-20.18:18:23.337 [main            ] INFO  RepositoryConfigurationDelegate - Multiple Spring Data modules found, entering strict repository configuration mode
24-07-20.18:18:23.341 [main            ] INFO  RepositoryConfigurationDelegate - Bootstrapping Spring Data Redis repositories in DEFAULT mode.
24-07-20.18:18:23.373 [main            ] INFO  RepositoryConfigurationDelegate - Finished Spring Data repository scanning in 17 ms. Found 0 Redis repository interfaces.
24-07-20.18:18:24.708 [main            ] INFO  Version                - Redisson 3.26.0
24-07-20.18:18:25.348 [redisson-netty-1-5] INFO  ConnectionsHolder      - 1 connections initialized for localhost/127.0.0.1:6379
24-07-20.18:18:25.426 [redisson-netty-1-20] INFO  ConnectionsHolder      - 24 connections initialized for localhost/127.0.0.1:6379
24-07-20.18:18:28.302 [main            ] INFO  EndpointLinksResolver  - Exposing 1 endpoint(s) beneath base path '/actuator'
24-07-20.18:18:28.370 [main            ] INFO  ApiTest                - Started ApiTest in 6.422 seconds (JVM running for 7.364)
24-07-20.18:19:18.502 [main            ] INFO  ApiTest                - Starting ApiTest using Java 11.0.6 on LAPTOP-980JHL67 with PID 1608 (started by Lenovo in F:\springboot\big-market\big-market\big-market-app)
24-07-20.18:19:18.504 [main            ] INFO  ApiTest                - The following 1 profile is active: "dev"
24-07-20.18:19:19.394 [main            ] INFO  RepositoryConfigurationDelegate - Multiple Spring Data modules found, entering strict repository configuration mode
24-07-20.18:19:19.398 [main            ] INFO  RepositoryConfigurationDelegate - Bootstrapping Spring Data Redis repositories in DEFAULT mode.
24-07-20.18:19:19.432 [main            ] INFO  RepositoryConfigurationDelegate - Finished Spring Data repository scanning in 18 ms. Found 0 Redis repository interfaces.
24-07-20.18:19:20.777 [main            ] INFO  Version                - Redisson 3.26.0
24-07-20.18:19:21.383 [redisson-netty-1-6] INFO  ConnectionsHolder      - 1 connections initialized for localhost/127.0.0.1:6379
24-07-20.18:19:21.463 [redisson-netty-1-20] INFO  ConnectionsHolder      - 24 connections initialized for localhost/127.0.0.1:6379
24-07-20.18:19:24.202 [main            ] INFO  EndpointLinksResolver  - Exposing 1 endpoint(s) beneath base path '/actuator'
24-07-20.18:19:24.263 [main            ] INFO  ApiTest                - Started ApiTest in 6.279 seconds (JVM running for 7.21)
24-07-20.18:20:03.979 [main            ] INFO  ApiTest                - Starting ApiTest using Java 11.0.6 on LAPTOP-980JHL67 with PID 13444 (started by Lenovo in F:\springboot\big-market\big-market\big-market-app)
24-07-20.18:20:03.980 [main            ] INFO  ApiTest                - The following 1 profile is active: "dev"
24-07-20.18:20:04.803 [main            ] INFO  RepositoryConfigurationDelegate - Multiple Spring Data modules found, entering strict repository configuration mode
24-07-20.18:20:04.806 [main            ] INFO  RepositoryConfigurationDelegate - Bootstrapping Spring Data Redis repositories in DEFAULT mode.
24-07-20.18:20:04.837 [main            ] INFO  RepositoryConfigurationDelegate - Finished Spring Data repository scanning in 17 ms. Found 0 Redis repository interfaces.
24-07-20.18:20:06.140 [main            ] INFO  Version                - Redisson 3.26.0
24-07-20.18:20:06.737 [redisson-netty-1-5] INFO  ConnectionsHolder      - 1 connections initialized for localhost/127.0.0.1:6379
24-07-20.18:20:06.811 [redisson-netty-1-20] INFO  ConnectionsHolder      - 24 connections initialized for localhost/127.0.0.1:6379
24-07-20.18:20:09.542 [main            ] INFO  EndpointLinksResolver  - Exposing 1 endpoint(s) beneath base path '/actuator'
24-07-20.18:20:09.618 [main            ] INFO  ApiTest                - Started ApiTest in 6.17 seconds (JVM running for 7.095)
24-07-20.18:20:25.305 [main            ] INFO  ApiTest                - Starting ApiTest using Java 11.0.6 on LAPTOP-980JHL67 with PID 32492 (started by Lenovo in F:\springboot\big-market\big-market\big-market-app)
24-07-20.18:20:25.306 [main            ] INFO  ApiTest                - The following 1 profile is active: "dev"
24-07-20.18:20:26.145 [main            ] INFO  RepositoryConfigurationDelegate - Multiple Spring Data modules found, entering strict repository configuration mode
24-07-20.18:20:26.148 [main            ] INFO  RepositoryConfigurationDelegate - Bootstrapping Spring Data Redis repositories in DEFAULT mode.
24-07-20.18:20:26.179 [main            ] INFO  RepositoryConfigurationDelegate - Finished Spring Data repository scanning in 16 ms. Found 0 Redis repository interfaces.
24-07-20.18:20:27.486 [main            ] INFO  Version                - Redisson 3.26.0
24-07-20.18:20:28.110 [redisson-netty-1-5] INFO  ConnectionsHolder      - 1 connections initialized for localhost/127.0.0.1:6379
24-07-20.18:20:28.193 [redisson-netty-1-20] INFO  ConnectionsHolder      - 24 connections initialized for localhost/127.0.0.1:6379
24-07-20.18:20:30.877 [main            ] INFO  EndpointLinksResolver  - Exposing 1 endpoint(s) beneath base path '/actuator'
24-07-20.18:20:30.940 [main            ] INFO  ApiTest                - Started ApiTest in 6.172 seconds (JVM running for 7.148)
24-07-20.18:23:12.880 [main            ] INFO  ApiTest                - Starting ApiTest using Java 11.0.6 on LAPTOP-980JHL67 with PID 24312 (started by Lenovo in F:\springboot\big-market\big-market\big-market-app)
24-07-20.18:23:12.881 [main            ] INFO  ApiTest                - The following 1 profile is active: "dev"
24-07-20.18:23:13.719 [main            ] INFO  RepositoryConfigurationDelegate - Multiple Spring Data modules found, entering strict repository configuration mode
24-07-20.18:23:13.721 [main            ] INFO  RepositoryConfigurationDelegate - Bootstrapping Spring Data Redis repositories in DEFAULT mode.
24-07-20.18:23:13.752 [main            ] INFO  RepositoryConfigurationDelegate - Finished Spring Data repository scanning in 18 ms. Found 0 Redis repository interfaces.
24-07-20.18:23:15.059 [main            ] INFO  Version                - Redisson 3.26.0
24-07-20.18:23:15.682 [redisson-netty-1-5] INFO  ConnectionsHolder      - 1 connections initialized for localhost/127.0.0.1:6379
24-07-20.18:23:15.764 [redisson-netty-1-20] INFO  ConnectionsHolder      - 24 connections initialized for localhost/127.0.0.1:6379
24-07-20.18:23:18.495 [main            ] INFO  EndpointLinksResolver  - Exposing 1 endpoint(s) beneath base path '/actuator'
24-07-20.18:23:18.560 [main            ] INFO  ApiTest                - Started ApiTest in 6.242 seconds (JVM running for 7.225)
24-07-20.18:27:35.191 [main            ] INFO  ApiTest                - Starting ApiTest using Java 11.0.6 on LAPTOP-980JHL67 with PID 26248 (started by Lenovo in F:\springboot\big-market\big-market\big-market-app)
24-07-20.18:27:35.192 [main            ] INFO  ApiTest                - The following 1 profile is active: "dev"
24-07-20.18:27:36.027 [main            ] INFO  RepositoryConfigurationDelegate - Multiple Spring Data modules found, entering strict repository configuration mode
24-07-20.18:27:36.030 [main            ] INFO  RepositoryConfigurationDelegate - Bootstrapping Spring Data Redis repositories in DEFAULT mode.
24-07-20.18:27:36.058 [main            ] INFO  RepositoryConfigurationDelegate - Finished Spring Data repository scanning in 16 ms. Found 0 Redis repository interfaces.
24-07-20.18:27:37.384 [main            ] INFO  Version                - Redisson 3.26.0
24-07-20.18:27:38.042 [redisson-netty-1-6] INFO  ConnectionsHolder      - 1 connections initialized for localhost/127.0.0.1:6379
24-07-20.18:27:38.138 [redisson-netty-1-20] INFO  ConnectionsHolder      - 24 connections initialized for localhost/127.0.0.1:6379
24-07-20.18:27:40.823 [main            ] INFO  EndpointLinksResolver  - Exposing 1 endpoint(s) beneath base path '/actuator'
24-07-20.18:27:40.890 [main            ] INFO  ApiTest                - Started ApiTest in 6.216 seconds (JVM running for 7.179)
24-07-20.18:28:08.669 [main            ] INFO  HikariDataSource       - HikariPool-1 - Starting...
24-07-20.18:28:10.111 [main            ] INFO  HikariDataSource       - HikariPool-1 - Start completed.
24-07-20.18:28:52.295 [SpringApplicationShutdownHook] INFO  HikariDataSource       - HikariPool-1 - Shutdown initiated...
24-07-20.18:28:52.307 [SpringApplicationShutdownHook] INFO  HikariDataSource       - HikariPool-1 - Shutdown completed.
24-07-20.18:29:35.314 [main            ] INFO  ApiTest                - Starting ApiTest using Java 11.0.6 on LAPTOP-980JHL67 with PID 30164 (started by Lenovo in F:\springboot\big-market\big-market\big-market-app)
24-07-20.18:29:35.315 [main            ] INFO  ApiTest                - The following 1 profile is active: "dev"
24-07-20.18:29:36.165 [main            ] INFO  RepositoryConfigurationDelegate - Multiple Spring Data modules found, entering strict repository configuration mode
24-07-20.18:29:36.168 [main            ] INFO  RepositoryConfigurationDelegate - Bootstrapping Spring Data Redis repositories in DEFAULT mode.
24-07-20.18:29:36.195 [main            ] INFO  RepositoryConfigurationDelegate - Finished Spring Data repository scanning in 16 ms. Found 0 Redis repository interfaces.
24-07-20.18:29:37.502 [main            ] INFO  Version                - Redisson 3.26.0
24-07-20.18:29:38.133 [redisson-netty-1-5] INFO  ConnectionsHolder      - 1 connections initialized for localhost/127.0.0.1:6379
24-07-20.18:29:38.210 [redisson-netty-1-20] INFO  ConnectionsHolder      - 24 connections initialized for localhost/127.0.0.1:6379
24-07-20.18:29:40.957 [main            ] INFO  EndpointLinksResolver  - Exposing 1 endpoint(s) beneath base path '/actuator'
24-07-20.18:29:41.025 [main            ] INFO  ApiTest                - Started ApiTest in 6.236 seconds (JVM running for 7.211)
24-07-20.18:29:54.997 [main            ] INFO  HikariDataSource       - HikariPool-1 - Starting...
24-07-20.18:29:56.465 [main            ] INFO  HikariDataSource       - HikariPool-1 - Start completed.
24-07-20.18:46:32.450 [HikariPool-1 housekeeper] WARN  HikariPool             - HikariPool-1 - Thread starvation or clock leap detected (housekeeper delta=15m29s214ms408µs400ns).
24-07-20.18:46:32.626 [SpringApplicationShutdownHook] INFO  HikariDataSource       - HikariPool-1 - Shutdown initiated...
24-07-20.18:46:32.637 [SpringApplicationShutdownHook] INFO  HikariDataSource       - HikariPool-1 - Shutdown completed.
24-07-20.18:47:04.873 [main            ] INFO  ApiTest                - Starting ApiTest using Java 11.0.6 on LAPTOP-980JHL67 with PID 3444 (started by Lenovo in F:\springboot\big-market\big-market\big-market-app)
24-07-20.18:47:04.874 [main            ] INFO  ApiTest                - The following 1 profile is active: "dev"
24-07-20.18:47:05.657 [main            ] INFO  RepositoryConfigurationDelegate - Multiple Spring Data modules found, entering strict repository configuration mode
24-07-20.18:47:05.659 [main            ] INFO  RepositoryConfigurationDelegate - Bootstrapping Spring Data Redis repositories in DEFAULT mode.
24-07-20.18:47:05.688 [main            ] INFO  RepositoryConfigurationDelegate - Finished Spring Data repository scanning in 16 ms. Found 0 Redis repository interfaces.
24-07-20.18:47:06.885 [main            ] INFO  Version                - Redisson 3.26.0
24-07-20.18:47:07.493 [redisson-netty-1-6] INFO  ConnectionsHolder      - 1 connections initialized for localhost/127.0.0.1:6379
24-07-20.18:47:07.570 [redisson-netty-1-20] INFO  ConnectionsHolder      - 24 connections initialized for localhost/127.0.0.1:6379
24-07-20.18:47:10.005 [main            ] INFO  EndpointLinksResolver  - Exposing 1 endpoint(s) beneath base path '/actuator'
24-07-20.18:47:10.056 [main            ] INFO  ApiTest                - Started ApiTest in 5.619 seconds (JVM running for 6.438)
24-07-20.18:47:10.448 [main            ] INFO  HikariDataSource       - HikariPool-1 - Starting...
24-07-20.18:47:10.702 [main            ] INFO  HikariDataSource       - HikariPool-1 - Start completed.
24-07-20.18:47:10.771 [SpringApplicationShutdownHook] INFO  HikariDataSource       - HikariPool-1 - Shutdown initiated...
24-07-20.18:47:10.774 [SpringApplicationShutdownHook] INFO  HikariDataSource       - HikariPool-1 - Shutdown completed.
24-07-20.18:47:23.771 [main            ] INFO  ApiTest                - Starting ApiTest using Java 11.0.6 on LAPTOP-980JHL67 with PID 29860 (started by Lenovo in F:\springboot\big-market\big-market\big-market-app)
24-07-20.18:47:23.772 [main            ] INFO  ApiTest                - The following 1 profile is active: "dev"
24-07-20.18:47:24.619 [main            ] INFO  RepositoryConfigurationDelegate - Multiple Spring Data modules found, entering strict repository configuration mode
24-07-20.18:47:24.623 [main            ] INFO  RepositoryConfigurationDelegate - Bootstrapping Spring Data Redis repositories in DEFAULT mode.
24-07-20.18:47:24.655 [main            ] INFO  RepositoryConfigurationDelegate - Finished Spring Data repository scanning in 17 ms. Found 0 Redis repository interfaces.
24-07-20.18:47:25.950 [main            ] INFO  Version                - Redisson 3.26.0
24-07-20.18:47:26.562 [redisson-netty-1-5] INFO  ConnectionsHolder      - 1 connections initialized for localhost/127.0.0.1:6379
24-07-20.18:47:26.649 [redisson-netty-1-20] INFO  ConnectionsHolder      - 24 connections initialized for localhost/127.0.0.1:6379
24-07-20.18:47:29.435 [main            ] INFO  EndpointLinksResolver  - Exposing 1 endpoint(s) beneath base path '/actuator'
24-07-20.18:47:29.499 [main            ] INFO  ApiTest                - Started ApiTest in 6.246 seconds (JVM running for 7.268)
24-07-20.18:48:04.285 [main            ] INFO  HikariDataSource       - HikariPool-1 - Starting...
24-07-20.18:48:04.571 [main            ] INFO  HikariDataSource       - HikariPool-1 - Start completed.
24-07-20.18:48:07.502 [SpringApplicationShutdownHook] INFO  HikariDataSource       - HikariPool-1 - Shutdown initiated...
24-07-20.18:48:07.530 [SpringApplicationShutdownHook] INFO  HikariDataSource       - HikariPool-1 - Shutdown completed.
24-07-20.18:48:12.716 [main            ] INFO  ApiTest                - Starting ApiTest using Java 11.0.6 on LAPTOP-980JHL67 with PID 25200 (started by Lenovo in F:\springboot\big-market\big-market\big-market-app)
24-07-20.18:48:12.718 [main            ] INFO  ApiTest                - The following 1 profile is active: "dev"
24-07-20.18:48:13.529 [main            ] INFO  RepositoryConfigurationDelegate - Multiple Spring Data modules found, entering strict repository configuration mode
24-07-20.18:48:13.532 [main            ] INFO  RepositoryConfigurationDelegate - Bootstrapping Spring Data Redis repositories in DEFAULT mode.
24-07-20.18:48:13.561 [main            ] INFO  RepositoryConfigurationDelegate - Finished Spring Data repository scanning in 16 ms. Found 0 Redis repository interfaces.
24-07-20.18:48:14.771 [main            ] INFO  Version                - Redisson 3.26.0
24-07-20.18:48:15.377 [redisson-netty-1-5] INFO  ConnectionsHolder      - 1 connections initialized for localhost/127.0.0.1:6379
24-07-20.18:48:15.456 [redisson-netty-1-20] INFO  ConnectionsHolder      - 24 connections initialized for localhost/127.0.0.1:6379
24-07-20.18:48:17.901 [main            ] INFO  EndpointLinksResolver  - Exposing 1 endpoint(s) beneath base path '/actuator'
24-07-20.18:48:17.952 [main            ] INFO  ApiTest                - Started ApiTest in 5.68 seconds (JVM running for 6.521)
24-07-20.18:48:18.357 [main            ] INFO  HikariDataSource       - HikariPool-1 - Starting...
24-07-20.18:48:18.630 [main            ] INFO  HikariDataSource       - HikariPool-1 - Start completed.
24-07-20.18:48:18.698 [SpringApplicationShutdownHook] INFO  HikariDataSource       - HikariPool-1 - Shutdown initiated...
24-07-20.18:48:18.702 [SpringApplicationShutdownHook] INFO  HikariDataSource       - HikariPool-1 - Shutdown completed.
24-07-20.20:09:12.648 [main            ] INFO  ApiTest                - Starting ApiTest using Java 11.0.6 on LAPTOP-980JHL67 with PID 27148 (started by Lenovo in F:\springboot\big-market\big-market\big-market-app)
24-07-20.20:09:12.650 [main            ] INFO  ApiTest                - The following 1 profile is active: "dev"
24-07-20.20:09:13.461 [main            ] INFO  RepositoryConfigurationDelegate - Multiple Spring Data modules found, entering strict repository configuration mode
24-07-20.20:09:13.463 [main            ] INFO  RepositoryConfigurationDelegate - Bootstrapping Spring Data Redis repositories in DEFAULT mode.
24-07-20.20:09:13.491 [main            ] INFO  RepositoryConfigurationDelegate - Finished Spring Data repository scanning in 16 ms. Found 0 Redis repository interfaces.
24-07-20.20:09:14.641 [main            ] INFO  Version                - Redisson 3.26.0
24-07-20.20:09:15.231 [redisson-netty-1-5] INFO  ConnectionsHolder      - 1 connections initialized for localhost/127.0.0.1:6379
24-07-20.20:09:15.313 [redisson-netty-1-20] INFO  ConnectionsHolder      - 24 connections initialized for localhost/127.0.0.1:6379
24-07-20.20:09:17.770 [main            ] INFO  EndpointLinksResolver  - Exposing 1 endpoint(s) beneath base path '/actuator'
24-07-20.20:09:17.820 [main            ] INFO  ApiTest                - Started ApiTest in 5.6 seconds (JVM running for 6.418)
24-07-20.20:09:18.210 [main            ] INFO  HikariDataSource       - HikariPool-1 - Starting...
24-07-20.20:09:18.471 [main            ] INFO  HikariDataSource       - HikariPool-1 - Start completed.
24-07-20.20:09:18.505 [main            ] INFO  DefaultRaffleStrategy  - 抽奖前规则过滤 userId: 101 ruleModel: rule_weight code: 0001 info: 接管；后续的流程，受规则引擎执行结果影响
24-07-20.20:09:18.537 [SpringApplicationShutdownHook] INFO  HikariDataSource       - HikariPool-1 - Shutdown initiated...
24-07-20.20:09:18.540 [SpringApplicationShutdownHook] INFO  HikariDataSource       - HikariPool-1 - Shutdown completed.
24-07-20.21:07:03.898 [main            ] INFO  ApiTest                - Starting ApiTest using Java 11.0.6 on LAPTOP-980JHL67 with PID 9856 (started by Lenovo in F:\springboot\big-market\big-market\big-market-app)
24-07-20.21:07:03.899 [main            ] INFO  ApiTest                - The following 1 profile is active: "dev"
24-07-20.21:07:04.718 [main            ] INFO  RepositoryConfigurationDelegate - Multiple Spring Data modules found, entering strict repository configuration mode
24-07-20.21:07:04.720 [main            ] INFO  RepositoryConfigurationDelegate - Bootstrapping Spring Data Redis repositories in DEFAULT mode.
24-07-20.21:07:04.747 [main            ] INFO  RepositoryConfigurationDelegate - Finished Spring Data repository scanning in 16 ms. Found 0 Redis repository interfaces.
24-07-20.21:07:05.909 [main            ] INFO  Version                - Redisson 3.26.0
24-07-20.21:07:06.499 [redisson-netty-1-6] INFO  ConnectionsHolder      - 1 connections initialized for localhost/127.0.0.1:6379
24-07-20.21:07:06.570 [redisson-netty-1-20] INFO  ConnectionsHolder      - 24 connections initialized for localhost/127.0.0.1:6379
24-07-20.21:07:08.937 [main            ] INFO  EndpointLinksResolver  - Exposing 1 endpoint(s) beneath base path '/actuator'
24-07-20.21:07:08.986 [main            ] INFO  ApiTest                - Started ApiTest in 5.52 seconds (JVM running for 6.418)
24-07-20.21:07:09.365 [main            ] INFO  HikariDataSource       - HikariPool-1 - Starting...
24-07-20.21:07:09.623 [main            ] INFO  HikariDataSource       - HikariPool-1 - Start completed.
24-07-20.21:07:09.655 [main            ] INFO  DefaultRaffleStrategy  - 抽奖前规则过滤 userId: 101 ruleModel: rule_weight code: 0001 info: 接管；后续的流程，受规则引擎执行结果影响
24-07-20.21:07:09.687 [SpringApplicationShutdownHook] INFO  HikariDataSource       - HikariPool-1 - Shutdown initiated...
24-07-20.21:07:09.690 [SpringApplicationShutdownHook] INFO  HikariDataSource       - HikariPool-1 - Shutdown completed.
